[14:14:26] [Client thread/INFO]: Setting user: Player121
[14:14:35] [Client thread/INFO]: LWJGL Version: 2.9.4
[14:14:46] [Client thread/INFO]: Reloading ResourceManager: Default, FMLFileResourcePack:Forge Mod Loader, FMLFileResourcePack:Minecraft Forge, FMLFileResourcePack:Refraction
[14:14:50] [Sound Library Loader/INFO]: Starting up SoundSystem...
[14:14:51] [Thread-8/INFO]: Initializing LWJGL OpenAL
[14:14:51] [Thread-8/INFO]: (The LWJGL binding of OpenAL.  For more information, see http://www.lwjgl.org)
[14:14:51] [Thread-8/INFO]: OpenAL initialized.
[14:14:51] [Sound Library Loader/INFO]: Sound engine started
[14:14:58] [Client thread/INFO]: Created: 16x16 textures-atlas
[14:15:00] [Client thread/INFO]: Reloading ResourceManager: Default, FMLFileResourcePack:Forge Mod Loader, FMLFileResourcePack:Minecraft Forge, FMLFileResourcePack:Refraction
[14:15:02] [Client thread/INFO]: SoundSystem shutting down...
[14:15:03] [Client thread/WARN]: Author: Paul Lamb, www.paulscode.com
[14:15:03] [Sound Library Loader/INFO]: Starting up SoundSystem...
[14:15:03] [Thread-10/INFO]: Initializing LWJGL OpenAL
[14:15:03] [Thread-10/INFO]: (The LWJGL binding of OpenAL.  For more information, see http://www.lwjgl.org)
[14:15:03] [Thread-10/INFO]: OpenAL initialized.
[14:15:03] [Sound Library Loader/INFO]: Sound engine started
[14:15:07] [Client thread/INFO]: Created: 1024x512 textures-atlas
[14:15:10] [Realms Notification Availability checker #1/INFO]: Could not authorize you against Realms server: Invalid session id
[14:15:11] [Client thread/INFO]: Stopping!
[14:15:11] [Client thread/INFO]: SoundSystem shutting down...
[14:15:12] [Client thread/WARN]: Author: Paul Lamb, www.paulscode.com
